// dataflow 1.2.0.RELEASE log opened at 2018-10-14 21:09:20
app list
app import --uri http://bit.ly/Celsius-SR3-stream-applications-rabbit-maven
app list
stream create --definition "http --port=8087 | file --directory=/out --suffix=txt --name=output"--name firstExample-Hello
clear
clear
stream list
stream deploy firstExample-Hello
stream destroy firstExample-Hello
clear
// dataflow 1.2.0.RELEASE log opened at 2018-10-14 21:51:16
stream create --definition "http --port=8087 | file --directory=/Users/davidpetro/Documents/courses/java/java-playground/spring/cloud/spring-cloud-dataflow/out --suffix=txt --name=output"--name firstExample-Hello
stream deploy firstExample-Hello
stream list
clear
// [failed] stream create --definition "file --directory=/Users/davidpetro/Documents/courses/java/java-playground/spring/cloud/spring-cloud-dataflow/input --mode=lines | transform --expression=payload+ ' | processed=true'| output: file --directory=/Users/davidpetro/Documents/courses/java/java-playground/spring/cloud/spring-cloud-dataflow/out --suffix=txt --name=output2" --name fileStream1
// [failed] stream create --definition "file --directory=/Users/davidpetro/Documents/courses/java/java-playground/spring/cloud/spring-cloud-dataflow/input --mode=lines | transform --expression=payload+ ' | procesed=true'| output: file --directory=/Users/davidpetro/Documents/courses/java/java-playground/spring/cloud/spring-cloud-dataflow/out --suffix=txt --nome=output2"--name filestream1
stream create --definition "file --directory=/Users/davidpetro/Documents/courses/java/java-playground/spring/cloud/spring-cloud-dataflow/input --mode=lines | transform --expression=payload+' | procesed=true'| output: file --directory=/Users/davidpetro/Documents/courses/java/java-playground/spring/cloud/spring-cloud-dataflow/out --suffix=txt --nome=output2"--name filestream1
clear
stream deploy filestream1
// dataflow 1.2.0.RELEASE log opened at 2018-10-15 21:59:05
app list
clear
app import --uri http://bit.ly/Clark-GA-task-applications-maven
app list
task create demotask --definition "timestamp --format=\MM-yy\""
// [failed] task create demotask --definition "timestamp --format=\MM-yy\"
task launch demotask
task execution list
task destroy demotask
// [failed] stream create --name toll-stream --definition "http --port=8086 | split-JSON: splitter --exxpression=#jsonPath(payload,'$.station.readings') --spring.cloud.stream.bindings.output.contentType='application/json' | log"
// [failed] stream create --name toll-stream --definition "http --port=8086 | split-JSON: splitter --exxpression=#jsonPath(payload,$.station.readings) --spring.cloud.stream.bindings.output.contentType='application/json' | log"
// [failed] stream create --name toll-stream --definition "http --port=8086 | split-JSON: splitter --expression=#jsonPath(payload,'$.station.readings') --spring.cloud.stream.bindings.output.contentType='application/json' | log"
// [failed] stream create --name toll-stream --definition "toll-stream=http --port=8086 | split-JSON: splitter --expression=#jsonPath(payload,'$.station.readings') --spring.cloud.stream.bindings.output.contentType='application/json' | log"
stream create --name toll-stream --definition "toll-stream=http --port=8086 | split-JSON: splitter --expression='#jsonPath(payload,'$.station.readings')' --spring.cloud.stream.bindings.output.contentType='application/json' | log"
// [failed] stream deploy tool-stream
// [failed] stream deploy toll-stream --properties deployer.*,local.inheritLogging=true
// [failed] stream deploy toll-stream --properties deployer.*,local.inheritLogging=true
// [failed] stream deploy toll-stream --properties "deployer.*,local.inheritLogging=true"
stream deploy toll-stream --properties "deployer.local.inheritLogging=true"
// [failed] stream undeploy tool-stream
stream undeploy toll-stream
clear
stream list
stream destroy filestream1
stream destroy firstExample-Hello
clear
stream deploy toll-stream
stream destroy toll-stream
// [failed] stream create --name toll-stream --definition "toll-stream=http --port=8086 | split-JSON: splitter --expression=#jsonPath(payload,'$.station.readings') --spring.cloud.stream.bindings.output.contentType='application/json' | log"
// [failed] stream create --name toll-stream --definition "toll-stream=http --port=8086 | split-JSON: splitter --expression=#jsonPath(payload,$.station.readings) --spring.cloud.stream.bindings.output.contentType='application/json' | log"
stream create --name toll-stream --definition "toll-stream=http --port=8086 | split-JSON: splitter --expression='#jsonPath(payload,$.station.readings)' --spring.cloud.stream.bindings.output.contentType='application/json' | log"
stream deploy toll-stream
// dataflow 1.2.0.RELEASE log opened at 2018-10-20 20:26:25
// [failed] app list
// dataflow 1.2.0.RELEASE log opened at 2018-10-20 20:29:26
app list
stream list
clear
stream create foo --definition "toll-stream=http --port=8086 | split-JSON: splitter --expression=\"#jsonPath(payload,'$.station.readings')\" --spring.cloud.stream.bindings.output.contentType='application/json' | log"
// dataflow 1.2.0.RELEASE log opened at 2018-10-20 21:18:14
stream create toll-stream --definition "http --port=8086 | split-JSON: splitter --expression=\"#jsonPath(payload,'$.station.readings')\" --spring.cloud.stream.bindings.output.contentType='application/json' | log"
stream deploy toll-stream
clear
// [failed] stream create toll-stream --definition "toll-station-counter=:toll-stream.split-JSON > counter --name=toll-count "
// [failed] stream create toll-count --definition "toll-station-counter=':toll-stream.split-JSON > counter'"
clear
stream create toll-station-counter --definition ":toll-stream.split-JSON > counter"
stream list
stream list
stream destroy toll-stream
// dataflow 1.2.0.RELEASE log opened at 2018-10-21 12:07:51
stream destroy toll-stream
stream list
stream destroy toll-stationid-counter
// [failed] stream create toll-stationid-counter --definition "toll-stream.split-JSON > field-value-counter --name=counter --field-name=stationid --spring.cloud.stream.bindings.input.contentType='application/json'"
stream create toll-stationid-counter --definition ":toll-stream.split-JSON > field-value-counter --name=counter --field-name=stationid --spring.cloud.stream.bindings.input.contentType='application/json'"
stream deploy toll-stationid-counter
// dataflow 1.2.0.RELEASE log opened at 2018-10-21 13:12:16
app register --name fraudcheck --type processor --uri file:///Users/davidpetro/Documents/courses/java/java-playground/spring/cloud/dataflow/dataflow-scoring-stream-app/target/pluralsight-dataflow-scoring-stream-app-0.0.1-SNAPSHOT.jar
// [failed] app info processor:fraudcheck
// [failed] app info processor:fraudcheck
// [failed] app info
// [failed] app info
// dataflow 1.2.0.RELEASE log opened at 2018-10-21 13:13:58
clear
// dataflow 1.2.0.RELEASE log opened at 2018-10-21 13:14:20
// [failed] app info
// [failed] app register --name fraudcheck --type processor --uri file:///Users/davidpetro/Documents/courses/java/java-playground/spring/cloud/dataflow/dataflow-scoring-stream-app/target/pluralsight-dataflow-scoring-stream-app-0.0.1-SNAPSHOT.jar
// [failed] app register --name fraudcheck --type processor --uri file:///Users/davidpetro/Documents/courses/java/java-playground/spring/cloud/dataflow/dataflow-scoring-stream-app/target/pluralsight-dataflow-scoring-stream-app-0.0.1-SNAPSHOT.jar
// [failed] app register --name fraudcheck --type processor --uri file:///Users/davidpetro/Documents/courses/java/java-playground/spring/cloud/dataflow/dataflow-scoring-stream-app/target/pluralsight-dataflow-scoring-stream-app-0.0.1-SNAPSHOT.jar
// [failed] app register --name fraudcheck --type processor --uri file:///Users/davidpetro/Documents/courses/java/java-playground/spring/cloud/dataflow/dataflow-scoring-stream-app/target/pluralsight-dataflow-scoring-stream-app-0.0.1-SNAPSHOT.jar
// [failed] app register --name fraudcheck --type processor --uri file:///Users/davidpetro/Documents/courses/java/java-playground/spring/cloud/dataflow/dataflow-scoring-stream-app/target/pluralsight-dataflow-scoring-stream-app-0.0.1-SNAPSHOT.jar
// [failed] app register --name fraudcheck --type processor --uri file:///Users/davidpetro/Documents/courses/java/java-playground/spring/cloud/dataflow/dataflow-scoring-stream-app/target/pluralsight-dataflow-scoring-stream-app-0.0.1-SNAPSHOT.jar
// [failed] app register --name fraudcheck --type processor --uri file:///Users/davidpetro/Documents/courses/java/java-playground/spring/cloud/dataflow/dataflow-scoring-stream-app/target/pluralsight-dataflow-scoring-stream-app-0.0.1-SNAPSHOT.jar
// dataflow 1.2.0.RELEASE log opened at 2018-10-21 13:15:27
// [failed] app info
// dataflow 1.2.0.RELEASE log opened at 2018-10-21 13:16:07
// [failed] app info
stream list
app register --name fraudcheck --type processor --uri file:///Users/davidpetro/Documents/courses/java/java-playground/spring/cloud/dataflow/dataflow-scoring-stream-app/target/pluralsight-dataflow-scoring-stream-app-0.0.1-SNAPSHOT.jar
app list
// [failed] app info processor:fraudcheck
// [failed] app info processor:fraudcheck
// [failed] app info processor:transform
// [failed] app info processor:fraudcheck
// [failed] app info sink:ftp
app register --name task1 --type task --uri maven://pluralsight.demo:pluralsight-dataflow-task1:0.0.1-SNAPSHOT
clear
// [failed] app register --name task1 --type task --uri maven://pluralsight.demo:pluralsight-dataflow-task1:0.0.1-SNAPSHOT
// [failed] app register --name task1 --type task --uri maven://pluralsight.demo:pluralsight-dataflow-task1:0.0.1-SNAPSHOT
// [failed] app register --name task1 --type task --uri maven://pluralsight.demo:pluralsight-dataflow-task1:0.0.1-SNAPSHOT
exit
// dataflow 1.2.0.RELEASE log closed at 2018-11-02 10:16:47
